# JRE version: Java(TM) SE Runtime Environment (8.0_202-b08) (build 1.8.0_202-b08)
# Java VM: Java HotSpot(TM) 64-Bit Server VM (25.202-b08 mixed mode linux-amd64 compressed oops)
Heap:
 PSYoungGen      total 36352K, used 3616K [0x00000000d7900000, 0x00000000dc000000, 0x0000000100000000)
  eden space 31232K, 11% used [0x00000000d7900000,0x00000000d7c883b8,0x00000000d9780000)
  from space 5120K, 0% used [0x00000000d9c80000,0x00000000d9c80000,0x00000000da180000)
  to   space 5120K, 0% used [0x00000000d9780000,0x00000000d9780000,0x00000000d9c80000)
 ParOldGen       total 49152K, used 6998K [0x0000000086a00000, 0x0000000089a00000, 0x00000000d7900000)
  object space 49152K, 14% used [0x0000000086a00000,0x00000000870d5a10,0x0000000089a00000)
 Metaspace       used 21218K, capacity 21408K, committed 21760K, reserved 1069056K
  class space    used 2409K, capacity 2496K, committed 2560K, reserved 1048576K
GC Heap History (6 events):
Event: 3,965 GC heap before
{Heap before GC invocations=1 (full 0):
 PSYoungGen      total 36352K, used 31232K [0x00000000d7900000, 0x00000000da180000, 0x0000000100000000)
  eden space 31232K, 100% used [0x00000000d7900000,0x00000000d9780000,0x00000000d9780000)
  from space 5120K, 0% used [0x00000000d9c80000,0x00000000d9c80000,0x00000000da180000)
  to   space 5120K, 0% used [0x00000000d9780000,0x00000000d9780000,0x00000000d9c80000)
 ParOldGen       total 83456K, used 0K [0x0000000086a00000, 0x000000008bb80000, 0x00000000d7900000)
  object space 83456K, 0% used [0x0000000086a00000,0x0000000086a00000,0x000000008bb80000)
 Metaspace       used 18655K, capacity 18970K, committed 19200K, reserved 1067008K
  class space    used 2171K, capacity 2301K, committed 2304K, reserved 1048576K
Event: 3,971 GC heap after
Heap after GC invocations=1 (full 0):
 PSYoungGen      total 36352K, used 5089K [0x00000000d7900000, 0x00000000da180000, 0x0000000100000000)
  eden space 31232K, 0% used [0x00000000d7900000,0x00000000d7900000,0x00000000d9780000)
  from space 5120K, 99% used [0x00000000d9780000,0x00000000d9c78610,0x00000000d9c80000)
  to   space 5120K, 0% used [0x00000000d9c80000,0x00000000d9c80000,0x00000000da180000)
 ParOldGen       total 83456K, used 2394K [0x0000000086a00000, 0x000000008bb80000, 0x00000000d7900000)
  object space 83456K, 2% used [0x0000000086a00000,0x0000000086c569e8,0x000000008bb80000)
 Metaspace       used 18655K, capacity 18970K, committed 19200K, reserved 1067008K
  class space    used 2171K, capacity 2301K, committed 2304K, reserved 1048576K
}
Event: 4,103 GC heap before
{Heap before GC invocations=2 (full 0):
 PSYoungGen      total 36352K, used 13192K [0x00000000d7900000, 0x00000000da180000, 0x0000000100000000)
  eden space 31232K, 25% used [0x00000000d7900000,0x00000000d80e9ac8,0x00000000d9780000)
  from space 5120K, 99% used [0x00000000d9780000,0x00000000d9c78610,0x00000000d9c80000)
  to   space 5120K, 0% used [0x00000000d9c80000,0x00000000d9c80000,0x00000000da180000)
 ParOldGen       total 83456K, used 2394K [0x0000000086a00000, 0x000000008bb80000, 0x00000000d7900000)
  object space 83456K, 2% used [0x0000000086a00000,0x0000000086c569e8,0x000000008bb80000)
 Metaspace       used 20849K, capacity 21056K, committed 21248K, reserved 1069056K
  class space    used 2359K, capacity 2464K, committed 2560K, reserved 1048576K
Event: 4,107 GC heap after
Heap after GC invocations=2 (full 0):
 PSYoungGen      total 36352K, used 5088K [0x00000000d7900000, 0x00000000dc000000, 0x0000000100000000)
  eden space 31232K, 0% used [0x00000000d7900000,0x00000000d7900000,0x00000000d9780000)
  from space 5120K, 99% used [0x00000000d9c80000,0x00000000da1783f0,0x00000000da180000)
  to   space 5120K, 0% used [0x00000000d9780000,0x00000000d9780000,0x00000000d9c80000)
 ParOldGen       total 83456K, used 3896K [0x0000000086a00000, 0x000000008bb80000, 0x00000000d7900000)
  object space 83456K, 4% used [0x0000000086a00000,0x0000000086dce3a8,0x000000008bb80000)
 Metaspace       used 20849K, capacity 21056K, committed 21248K, reserved 1069056K
  class space    used 2359K, capacity 2464K, committed 2560K, reserved 1048576K
}
Event: 4,107 GC heap before
{Heap before GC invocations=3 (full 1):
 PSYoungGen      total 36352K, used 5088K [0x00000000d7900000, 0x00000000dc000000, 0x0000000100000000)
  eden space 31232K, 0% used [0x00000000d7900000,0x00000000d7900000,0x00000000d9780000)
  from space 5120K, 99% used [0x00000000d9c80000,0x00000000da1783f0,0x00000000da180000)
  to   space 5120K, 0% used [0x00000000d9780000,0x00000000d9780000,0x00000000d9c80000)
 ParOldGen       total 83456K, used 3896K [0x0000000086a00000, 0x000000008bb80000, 0x00000000d7900000)
  object space 83456K, 4% used [0x0000000086a00000,0x0000000086dce3a8,0x000000008bb80000)
 Metaspace       used 20849K, capacity 21056K, committed 21248K, reserved 1069056K
  class space    used 2359K, capacity 2464K, committed 2560K, reserved 1048576K
Event: 4,129 GC heap after
Heap after GC invocations=3 (full 1):
 PSYoungGen      total 36352K, used 0K [0x00000000d7900000, 0x00000000dc000000, 0x0000000100000000)
  eden space 31232K, 0% used [0x00000000d7900000,0x00000000d7900000,0x00000000d9780000)
  from space 5120K, 0% used [0x00000000d9c80000,0x00000000d9c80000,0x00000000da180000)
  to   space 5120K, 0% used [0x00000000d9780000,0x00000000d9780000,0x00000000d9c80000)
 ParOldGen       total 49152K, used 6998K [0x0000000086a00000, 0x0000000089a00000, 0x00000000d7900000)
  object space 49152K, 14% used [0x0000000086a00000,0x00000000870d5a10,0x0000000089a00000)
 Metaspace       used 20849K, capacity 21056K, committed 21248K, reserved 1069056K
  class space    used 2359K, capacity 2464K, committed 2560K, reserved 1048576K
}

